# hmmsearch :: search profile(s) against a sequence database
# HMMER 3.4 (Aug 2023); http://hmmer.org/
# Copyright (C) 2023 Howard Hughes Medical Institute.
# Freely distributed under the BSD open source license.
# - - - - - - - - - - - - - - - - - - - - - - - - - - - - - - - - - - - -
# query HMM file:                  fanzor2.hmm
# target sequence database:        /home/slava/GENOMES/Triticum_Genome/protein.faa
# - - - - - - - - - - - - - - - - - - - - - - - - - - - - - - - - - - - -

Query:       fanzor2_prob95_MSA  [M=404]
Scores for complete sequences (score includes all domains):
   --- full sequence ---   --- best 1 domain ---    -#dom-
    E-value  score  bias    E-value  score  bias    exp  N  Sequence       Description
    ------- ------ -----    ------- ------ -----   ---- --  --------       -----------
  ------ inclusion threshold ------
       0.44   12.2   0.3       0.47   12.1   0.3    1.1  1  XP_044332734.1  DNA-directed RNA polymerases II, IV and V sub
       0.44   12.2   0.3       0.47   12.1   0.3    1.1  1  XP_044333155.1  DNA-directed RNA polymerases II, IV and V sub
       0.44   12.2   0.3       0.47   12.1   0.3    1.1  1  XP_044406143.1  DNA-directed RNA polymerases II, IV and V sub
        1.3   10.7   1.8        1.4   10.6   1.8    1.0  1  XP_044324497.1  DNA-directed RNA polymerases II, IV and V sub
        1.7   10.3   0.6        2.1   10.0   0.6    1.0  1  XP_044372229.1  basic leucine zipper 8-like [Triticum aestivu


Domain annotation for each sequence (and alignments):
>> XP_044332734.1  DNA-directed RNA polymerases II, IV and V subunit 12 [Triticum aestivum]
   #    score  bias  c-Evalue  i-Evalue hmmfrom  hmm to    alifrom  ali to    envfrom  env to     acc
 ---   ------ ----- --------- --------- ------- -------    ------- -------    ------- -------    ----
   1 ?   12.1   0.3   1.7e-05      0.47     356     382 ..      12      37 ..       9      47 .. 0.91

  Alignments for each domain:
  == domain 1  score: 12.1 bits;  conditional E-value: 1.7e-05
  fanzor2_prob95_MSA 356 tCpkCGfvnkknrkgekfvCpsCGkki 382
                          C +CG +n+ ++ g+ ++C++CG++i
      XP_044332734.1  12 LCGDCGAENTLKT-GDVIQCRECGYRI 37 
                         699*******998.***********97 PP

>> XP_044333155.1  DNA-directed RNA polymerases II, IV and V subunit 12 [Triticum aestivum]
   #    score  bias  c-Evalue  i-Evalue hmmfrom  hmm to    alifrom  ali to    envfrom  env to     acc
 ---   ------ ----- --------- --------- ------- -------    ------- -------    ------- -------    ----
   1 ?   12.1   0.3   1.7e-05      0.47     356     382 ..      12      37 ..       9      47 .. 0.91

  Alignments for each domain:
  == domain 1  score: 12.1 bits;  conditional E-value: 1.7e-05
  fanzor2_prob95_MSA 356 tCpkCGfvnkknrkgekfvCpsCGkki 382
                          C +CG +n+ ++ g+ ++C++CG++i
      XP_044333155.1  12 LCGDCGAENTLKT-GDVIQCRECGYRI 37 
                         699*******998.***********97 PP

>> XP_044406143.1  DNA-directed RNA polymerases II, IV and V subunit 12 [Triticum aestivum]
   #    score  bias  c-Evalue  i-Evalue hmmfrom  hmm to    alifrom  ali to    envfrom  env to     acc
 ---   ------ ----- --------- --------- ------- -------    ------- -------    ------- -------    ----
   1 ?   12.1   0.3   1.7e-05      0.47     356     382 ..      12      37 ..       9      47 .. 0.91

  Alignments for each domain:
  == domain 1  score: 12.1 bits;  conditional E-value: 1.7e-05
  fanzor2_prob95_MSA 356 tCpkCGfvnkknrkgekfvCpsCGkki 382
                          C +CG +n+ ++ g+ ++C++CG++i
      XP_044406143.1  12 LCGDCGAENTLKT-GDVIQCRECGYRI 37 
                         699*******998.***********97 PP

>> XP_044324497.1  DNA-directed RNA polymerases II, IV and V subunit 12-like [Triticum aestivum]
   #    score  bias  c-Evalue  i-Evalue hmmfrom  hmm to    alifrom  ali to    envfrom  env to     acc
 ---   ------ ----- --------- --------- ------- -------    ------- -------    ------- -------    ----
   1 ?   10.6   1.8   4.9e-05       1.4     356     382 ..      12      37 ..       9      45 .. 0.91

  Alignments for each domain:
  == domain 1  score: 10.6 bits;  conditional E-value: 4.9e-05
  fanzor2_prob95_MSA 356 tCpkCGfvnkknrkgekfvCpsCGkki 382
                          C +CG +n+ ++ g+ ++C++CG++i
      XP_044324497.1  12 LCGDCGAENTLKT-GDVIQCRECGYRI 37 
                         699*******998.***********97 PP

>> XP_044372229.1  basic leucine zipper 8-like [Triticum aestivum]
   #    score  bias  c-Evalue  i-Evalue hmmfrom  hmm to    alifrom  ali to    envfrom  env to     acc
 ---   ------ ----- --------- --------- ------- -------    ------- -------    ------- -------    ----
   1 ?   10.0   0.6   7.4e-05       2.1     245     339 ..      53     142 ..      48     154 .. 0.72

  Alignments for each domain:
  == domain 1  score: 10.0 bits;  conditional E-value: 7.4e-05
  fanzor2_prob95_MSA 245 dlqrklsaakkerqsraarkkqkklerlrekksglrkdvvhklarlivkyn..aiivlEdLsvgflrgrrkldkkknrklqkwaygelen. 332
                         +l rk+s ++ +  +r +  kq++le lr +++ lr  + + +ar  +  +  ai++ +++    lr+   ++  ++r+l+ +a+g+l   
      XP_044372229.1  53 RLRRKISNRESA--RRSRARKQRRLEDLRALAASLRGGRRELVARVHAARCrvAIVLHANDE---LRA---EAAALSRRLEVAAHGALALn 135
                         688999999987..7777788889***************99999988875522577777775...444...45567788877777777532 PP

  fanzor2_prob95_MSA 333 kleyKak 339
                         +l++ a+
      XP_044372229.1 136 QLYAAAA 142
                         5555555 PP



Internal pipeline statistics summary:
-------------------------------------
Query model(s):                            1  (404 nodes)
Target sequences:                     142442  (64335684 residues searched)
Passed MSV filter:                      8287  (0.0581781); expected 2848.8 (0.02)
Passed bias filter:                     4215  (0.029591); expected 2848.8 (0.02)
Passed Vit filter:                       531  (0.00372783); expected 142.4 (0.001)
Passed Fwd filter:                         9  (6.31836e-05); expected 1.4 (1e-05)
Initial search space (Z):             142442  [actual number of targets]
Domain search space  (domZ):               5  [number of targets reported over threshold]
# CPU time: 1.75u 0.03s 00:00:01.78 Elapsed: 00:00:00.75
# Mc/sec: 34628.51
//
[ok]
